date :
/okyanus/users/afarea/afrah/code/QNN4PDEs/log_files
Model state loaded from ../log_files/checkpoints/helmholtz/2025-02-12_16-33-22-249802/model.pth
The circuit is saved in /okyanus/users/afarea/afrah/code/QNN4PDEs/log_files/testing_checkpoints/helmholtz/2025-02-16_12-23-00-795874
Model state loaded from ../log_files/checkpoints/helmholtz/2025-02-06_19-25-14-069398/model.pth
The circuit is saved in /okyanus/users/afarea/afrah/code/QNN4PDEs/log_files/testing_checkpoints/helmholtz/2025-02-16_12-23-00-795874
Model state loaded from ../log_files/checkpoints/helmholtz/2025-02-06_19-32-04-408294/model.pth
The circuit is saved in /okyanus/users/afarea/afrah/code/QNN4PDEs/log_files/testing_checkpoints/helmholtz/2025-02-16_12-23-00-795874
Model state loaded from ../log_files/checkpoints/helmholtz/2025-02-06_19-25-14-069609/model.pth
The circuit is saved in /okyanus/users/afarea/afrah/code/QNN4PDEs/log_files/testing_checkpoints/helmholtz/2025-02-16_12-23-00-795874
Model state loaded from ../log_files/checkpoints/helmholtz/2025-02-12_16-33-59-543343/model.pth
The circuit is saved in /okyanus/users/afarea/afrah/code/QNN4PDEs/log_files/testing_checkpoints/helmholtz/2025-02-16_12-23-00-795874
Model state loaded from ../log_files/checkpoints/helmholtz/2025-02-06_18-54-03-851796/model.pth
The circuit is saved in /okyanus/users/afarea/afrah/code/QNN4PDEs/log_files/testing_checkpoints/helmholtz/2025-02-16_12-23-00-795874
Model state loaded from ../log_files/checkpoints/helmholtz/2025-02-06_18-52-46-865258/model.pth
The circuit is saved in /okyanus/users/afarea/afrah/code/QNN4PDEs/log_files/testing_checkpoints/helmholtz/2025-02-16_12-23-00-795874
Model state loaded from ../log_files/checkpoints/helmholtz/2025-02-06_18-48-39-607215/model.pth
The circuit is saved in /okyanus/users/afarea/afrah/code/QNN4PDEs/log_files/testing_checkpoints/helmholtz/2025-02-16_12-23-00-795874
Model state loaded from ../log_files/checkpoints/helmholtz/2025-02-09_00-01-28-238904/model.pth

print ==========================================
             JOBID PARTITION     NAME     USER ST       TIME  NODES NODELIST(REASON)
            836020    shortq  qnn4pde   afarea  R       4:33      1 s004
print SLURM_JOB_ID = 836020
print SLURM_JOB_NODELIST = s004
print SLURM_SUBMIT_HOST = sariyer
print SLURM_SUBMIT_DIR = /okyanus/users/afarea/afrah/code/QNN4PDEs/log_files
print SLURM_JOB_NUM_NODES = 1
print SLURM_CPUS_ON_NODE = 28
print SLURM_NTASKS = 1
print SLURM_NODEID = 0
print ==========================================
