date :
/okyanus/users/afarea/afrah/code/QNN4PDEs/log_files
inside else error title:  exact_u
inside else error title:  exact_p
inside else error title:  pred_u_classic
inside else error title:  pred_p_classic
inside if error title:  abs_error_u_classic
inside if error title:  abs_error_p_classic

print ==========================================
             JOBID PARTITION     NAME     USER ST       TIME  NODES NODELIST(REASON)
            836677   core40q  qnn4pde   afarea  R       3:31      1 s202
print SLURM_JOB_ID = 836677
print SLURM_JOB_NODELIST = s202
print SLURM_SUBMIT_HOST = sariyer
print SLURM_SUBMIT_DIR = /okyanus/users/afarea/afrah/code/QNN4PDEs/log_files
print SLURM_JOB_NUM_NODES = 1
print SLURM_CPUS_ON_NODE = 40
print SLURM_NTASKS = 1
print SLURM_NODEID = 0
print ==========================================
