date :
/okyanus/users/afarea/afrah/code/QNN4PDEs/log_files
Model state loaded from /okyanus/users/afarea/afrah/code/QNN4PDEs/log_files/checkpoints/wave/2025-02-21_11-10-55-994086/model.pth
Model state loaded from /okyanus/users/afarea/afrah/code/QNN4PDEs/log_files/checkpoints/wave/2025-02-21_11-27-26-796633/model.pth
The circuit is saved in testing_checkpoints/wave/2025-02-24_11-03-13-052274

Loss values at iteration 12500:
----------------------------------------
classical           : 0.027380
angle_cascade       : 0.065036
----------------------------------------

print ==========================================
             JOBID PARTITION     NAME     USER ST       TIME  NODES NODELIST(REASON)
            836418   core40q  qnn4pde   afarea  R       3:04      1 s202
print SLURM_JOB_ID = 836418
print SLURM_JOB_NODELIST = s202
print SLURM_SUBMIT_HOST = sariyer
print SLURM_SUBMIT_DIR = /okyanus/users/afarea/afrah/code/QNN4PDEs/log_files
print SLURM_JOB_NUM_NODES = 1
print SLURM_CPUS_ON_NODE = 40
print SLURM_NTASKS = 1
print SLURM_NODEID = 0
print ==========================================
